[2026-03-28T14:11:14.590Z] ACTION — EVA backend démarré sur le port 3000
[2026-03-28T14:11:50.276Z] ACTION — GET /health — 200 (4ms)
[2026-03-28T14:11:50.349Z] ACTION — GET /favicon.ico — 404 (2ms)
[2026-03-28T15:29:37.269Z] ACTION — EVA backend démarré sur le port 3000
[2026-03-28T15:34:06.920Z] ACTION — EVA backend démarré sur le port 3000
[2026-03-28T15:34:15.602Z] ACTION — Login réussi : bonacci.francois@gmail.com
[2026-03-28T15:34:15.606Z] ACTION — POST /auth/login — 200 (77ms)
[2026-03-28T15:49:44.528Z] ACTION — EVA backend démarré sur le port 3000
[2026-03-28T15:50:34.306Z] ACTION — GET /ventes/produits — 401 (3ms)
[2026-03-28T15:50:44.321Z] ACTION — Login réussi : bonacci.francois@gmail.com
[2026-03-28T15:50:44.323Z] ACTION — POST /auth/login — 200 (71ms)
[2026-03-28T15:50:51.001Z] ACTION — GET /ventes/produits — 401 (0ms)
[2026-03-28T15:52:46.099Z] ACTION — Login réussi : bonacci.francois@gmail.com
[2026-03-28T15:52:46.100Z] ACTION — POST /auth/login — 200 (61ms)
[2026-03-28T16:37:31.824Z] ACTION — EVA backend démarré sur le port 3000
[2026-03-28T16:37:32.430Z] ACTION — EVA backend démarré sur le port 3000
[2026-03-28T16:38:49.627Z] ACTION — Login réussi : bonacci.francois@gmail.com
[2026-03-28T16:38:49.632Z] ACTION — POST /auth/login — 200 (70ms)
[2026-03-28T16:38:49.666Z] ACTION — GET /health — 200 (1ms)
[2026-03-28T16:38:49.674Z] ACTION — GET /health — 200 (1ms)
[2026-03-28T16:38:49.676Z] ACTION — GET /ventes/produits — 200 (9ms)
[2026-03-28T16:38:49.684Z] ACTION — GET /ventes/produits — 304 (3ms)
[2026-03-28T16:38:50.171Z] ACTION — EVA backend démarré sur le port 3000
[2026-03-28T16:39:00.255Z] ACTION — GET /ventes/produits — 304 (17ms)
[2026-03-28T16:39:00.267Z] ACTION — GET /ventes/produits — 304 (4ms)
[2026-03-28T16:39:08.477Z] ACTION — GET /ventes/produits — 304 (3ms)
[2026-03-28T16:39:08.484Z] ACTION — GET /ventes/produits — 304 (2ms)
[2026-03-28T16:39:14.169Z] ACTION — GET /ventes/pdv — 200 (4ms)
[2026-03-28T16:39:14.176Z] ACTION — GET /ventes/pdv — 304 (2ms)
[2026-03-28T16:39:15.555Z] ACTION — GET /ventes/produits — 304 (4ms)
[2026-03-28T16:39:15.557Z] ACTION — GET /ventes/pdv — 304 (4ms)
[2026-03-28T16:39:15.567Z] ACTION — GET /ventes/produits — 304 (5ms)
[2026-03-28T16:39:15.569Z] ACTION — GET /ventes/pdv — 304 (4ms)
[2026-03-28T16:39:27.456Z] ACTION — GET /ventes/produits — 304 (2ms)
[2026-03-28T16:39:27.463Z] ACTION — GET /ventes/produits — 304 (2ms)
[2026-03-28T16:40:15.344Z] ACTION — GET /ventes/pdv — 304 (2ms)
[2026-03-28T16:40:15.352Z] ACTION — GET /ventes/pdv — 304 (2ms)
[2026-03-28T16:40:15.359Z] ACTION — GET /ventes/pdv — 304 (2ms)
[2026-03-28T16:40:15.367Z] ACTION — GET /ventes/pdv — 304 (2ms)
[2026-03-28T16:40:16.075Z] ACTION — GET /ventes/pdv — 304 (3ms)
[2026-03-28T16:40:16.083Z] ACTION — GET /ventes/pdv — 304 (2ms)
[2026-03-28T16:40:16.875Z] ACTION — GET /ventes/produits — 304 (3ms)
[2026-03-28T16:40:16.884Z] ACTION — GET /ventes/produits — 304 (3ms)
[2026-03-28T16:40:16.890Z] ACTION — GET /ventes/produits — 304 (2ms)
[2026-03-28T16:40:16.897Z] ACTION — GET /ventes/produits — 304 (2ms)
[2026-03-28T16:40:19.322Z] ACTION — GET /ventes/produits — 304 (2ms)
[2026-03-28T16:40:19.331Z] ACTION — GET /ventes/produits — 304 (2ms)
[2026-03-28T16:40:19.929Z] ACTION — GET /health — 200 (1ms)
[2026-03-28T16:40:19.934Z] ACTION — GET /ventes/produits — 304 (3ms)
[2026-03-28T16:40:19.936Z] ACTION — GET /health — 200 (0ms)
[2026-03-28T16:40:19.942Z] ACTION — GET /ventes/produits — 304 (2ms)
[2026-03-28T16:40:58.666Z] ACTION — GET /ventes/produits — 304 (3ms)
[2026-03-28T16:40:58.679Z] ACTION — GET /ventes/produits — 304 (3ms)
[2026-03-28T16:41:02.940Z] ACTION — GET /health — 200 (0ms)
[2026-03-28T16:41:02.945Z] ACTION — GET /ventes/produits — 304 (2ms)
[2026-03-28T16:41:02.948Z] ACTION — GET /health — 200 (1ms)
[2026-03-28T16:41:02.955Z] ACTION — GET /ventes/produits — 304 (4ms)
[2026-03-28T16:41:03.586Z] ACTION — GET /ventes/produits — 304 (2ms)
[2026-03-28T16:41:03.597Z] ACTION — GET /ventes/produits — 304 (2ms)
[2026-03-28T17:02:31.439Z] ACTION — EVA backend démarré sur le port 3000
[2026-03-28T17:03:07.614Z] ACTION — EVA backend démarré sur le port 3000
[2026-03-28T17:03:14.021Z] ACTION — EVA backend démarré sur le port 3000
[2026-03-28T17:04:57.811Z] ACTION — GET /ventes/produits — 304 (12ms)
[2026-03-28T17:05:40.426Z] ACTION — GET /ventes/produits — 304 (4ms)
[2026-03-28T17:05:46.108Z] ACTION — GET /ventes/produits — 304 (4ms)
[2026-03-28T17:05:50.200Z] ACTION — GET /ventes/produits — 304 (3ms)
[2026-03-28T17:05:58.301Z] ACTION — GET /ventes/produits — 304 (5ms)
[2026-03-28T17:06:02.644Z] ACTION — GET /ventes/produits — 304 (2ms)
[2026-03-28T17:13:08.227Z] ACTION — GET /ventes/produits — 304 (2ms)
[2026-03-28T17:13:08.243Z] ACTION — GET /ventes/produits — 304 (2ms)
[2026-03-28T17:13:09.595Z] ACTION — GET /ref/categories — 200 (4ms)
[2026-03-28T17:13:09.603Z] ACTION — GET /ref/categories — 304 (3ms)
[2026-03-28T17:13:34.389Z] ACTION — GET /ventes/produits — 304 (2ms)
[2026-03-28T17:13:34.395Z] ACTION — GET /ventes/produits — 304 (2ms)
[2026-03-28T17:13:36.828Z] ACTION — GET /ref/categories — 304 (2ms)
[2026-03-28T17:13:36.837Z] ACTION — GET /ref/categories — 304 (4ms)
[2026-03-28T17:14:33.687Z] ACTION — GET /ventes/produits — 304 (2ms)
[2026-03-28T17:14:33.699Z] ACTION — GET /ventes/produits — 304 (1ms)
[2026-03-28T17:15:19.113Z] ACTION — EVA backend démarré sur le port 3000
[2026-03-28T17:15:30.784Z] ACTION — GET /ventes/produits — 304 (14ms)
[2026-03-28T17:15:30.790Z] ACTION — GET /ventes/produits — 304 (3ms)
[2026-03-28T17:15:32.612Z] ACTION — GET /ref/categories — 304 (3ms)
[2026-03-28T17:15:32.619Z] ACTION — GET /ref/categories — 304 (2ms)
[2026-03-28T17:15:43.573Z] ACTION — GET /ventes/produits — 304 (4ms)
[2026-03-28T17:15:43.584Z] ACTION — GET /ventes/produits — 304 (2ms)
[2026-03-28T17:15:45.835Z] ACTION — GET /ref/categories — 304 (2ms)
[2026-03-28T17:15:45.843Z] ACTION — GET /ref/categories — 304 (3ms)
[2026-03-28T17:16:19.229Z] ACTION — GET /ventes/pdv — 304 (10ms)
[2026-03-28T17:16:19.238Z] ACTION — GET /ventes/pdv — 304 (3ms)
[2026-03-28T17:16:21.021Z] ACTION — GET /ref/types-pdv — 200 (3ms)
[2026-03-28T17:16:21.028Z] ACTION — GET /ref/types-pdv — 304 (2ms)
[2026-03-28T17:16:42.809Z] ACTION — GET /ventes/produits — 304 (2ms)
[2026-03-28T17:16:42.815Z] ACTION — GET /ventes/produits — 304 (2ms)
[2026-03-28T17:17:00.347Z] ACTION — GET /ventes/produits — 304 (3ms)
[2026-03-28T17:17:00.485Z] ACTION — GET /ventes/produits — 304 (4ms)
[2026-03-28T17:17:07.226Z] ACTION — GET /ref/categories — 304 (3ms)
[2026-03-28T17:17:07.235Z] ACTION — GET /ref/categories — 304 (2ms)
[2026-03-28T17:17:24.932Z] ACTION — GET /ventes/produits — 304 (2ms)
[2026-03-28T17:17:24.983Z] ACTION — GET /ventes/produits — 304 (2ms)
[2026-03-28T17:17:44.303Z] ACTION — GET /ventes/pdv — 304 (2ms)
[2026-03-28T17:17:44.310Z] ACTION — GET /ventes/pdv — 304 (2ms)
[2026-03-28T17:17:47.366Z] ACTION — GET /ref/types-pdv — 304 (2ms)
[2026-03-28T17:17:47.376Z] ACTION — GET /ref/types-pdv — 304 (3ms)
[2026-03-28T17:18:29.849Z] ACTION — POST /ventes/pdv — 201 (12ms)
[2026-03-28T17:18:29.898Z] ACTION — GET /ventes/pdv — 200 (5ms)
[2026-03-28T17:18:38.956Z] ACTION — GET /ventes/produits — 304 (3ms)
[2026-03-28T17:18:38.967Z] ACTION — GET /ventes/produits — 304 (2ms)
[2026-03-28T17:18:39.178Z] ACTION — GET /ventes/produits — 304 (2ms)
[2026-03-28T17:18:39.190Z] ACTION — GET /ventes/produits — 304 (3ms)
[2026-03-28T17:18:41.860Z] ACTION — GET /ref/categories — 304 (2ms)
[2026-03-28T17:18:41.870Z] ACTION — GET /ref/categories — 304 (4ms)
[2026-03-28T17:19:59.675Z] ACTION — POST /ventes/produits — 201 (9ms)
[2026-03-28T17:19:59.722Z] ACTION — GET /ventes/produits — 200 (4ms)
[2026-03-28T17:20:06.424Z] ACTION — GET /ref/categories — 304 (3ms)
[2026-03-28T17:20:06.429Z] ACTION — GET /ref/methodes-paiement — 200 (4ms)
[2026-03-28T17:20:06.433Z] ACTION — GET /ref/types-frais — 200 (6ms)
[2026-03-28T17:20:06.435Z] ACTION — GET /ref/types-hors-stock — 200 (6ms)
[2026-03-28T17:20:06.441Z] ACTION — GET /ref/types-perte — 200 (9ms)
[2026-03-28T17:20:06.442Z] ACTION — GET /ref/types-contact — 200 (6ms)
[2026-03-28T17:20:06.445Z] ACTION — GET /ref/types-pdv — 304 (7ms)
[2026-03-28T17:20:06.447Z] ACTION — GET /ref/categories — 304 (4ms)
[2026-03-28T17:20:06.453Z] ACTION — GET /ref/methodes-paiement — 304 (5ms)
[2026-03-28T17:20:06.456Z] ACTION — GET /ref/types-frais — 304 (6ms)
[2026-03-28T17:20:06.459Z] ACTION — GET /ref/types-hors-stock — 304 (4ms)
[2026-03-28T17:20:06.464Z] ACTION — GET /ref/types-pdv — 304 (4ms)
[2026-03-28T17:20:06.468Z] ACTION — GET /ref/types-perte — 304 (4ms)
[2026-03-28T17:20:06.470Z] ACTION — GET /ref/types-contact — 304 (4ms)
[2026-03-28T17:21:22.909Z] ACTION — DELETE /ref/categories/5 — 204 (8ms)
[2026-03-28T17:21:22.922Z] ACTION — GET /ref/categories — 200 (2ms)
[2026-03-28T17:21:35.061Z] ACTION — DELETE /ref/categories/2 — 204 (8ms)
[2026-03-28T17:21:35.071Z] ACTION — GET /ref/categories — 200 (1ms)
[2026-03-28T17:21:43.825Z] ACTION — DELETE /ref/categories/3 — 204 (7ms)
[2026-03-28T17:21:43.837Z] ACTION — GET /ref/categories — 200 (2ms)
[2026-03-28T17:21:52.525Z] ACTION — POST /ref/categories — 201 (9ms)
[2026-03-28T17:21:52.536Z] ACTION — GET /ref/categories — 200 (2ms)
[2026-03-28T17:22:21.101Z] ACTION — POST /ref/types-frais — 409 (4ms)
[2026-03-28T17:22:50.825Z] ACTION — POST /ref/types-frais — 201 (15ms)
[2026-03-28T17:22:50.836Z] ACTION — GET /ref/types-frais — 200 (2ms)
[2026-03-28T17:23:11.424Z] ACTION — POST /ref/types-hors-stock — 201 (8ms)
[2026-03-28T17:23:11.437Z] ACTION — GET /ref/types-hors-stock — 200 (2ms)
[2026-03-28T17:26:19.461Z] ACTION — EVA backend démarré sur le port 3000
[2026-03-28T17:26:27.945Z] ACTION — EVA backend démarré sur le port 3000
[2026-03-28T17:26:34.662Z] ACTION — EVA backend démarré sur le port 3000
[2026-03-28T17:33:53.601Z] ACTION — EVA backend démarré sur le port 3000
[2026-03-28T17:34:36.661Z] ACTION — EVA backend démarré sur le port 3000
[2026-03-28T17:34:45.679Z] ACTION — GET /ref/types-perte — 304 (21ms)
[2026-03-28T17:34:45.682Z] ACTION — GET /ref/types-pdv — 304 (31ms)
[2026-03-28T17:34:45.685Z] ACTION — GET /ref/types-frais — 304 (30ms)
[2026-03-28T17:34:45.688Z] ACTION — GET /ref/methodes-paiement — 304 (34ms)
[2026-03-28T17:34:45.690Z] ACTION — GET /ref/categories — 304 (46ms)
[2026-03-28T17:34:45.692Z] ACTION — GET /ref/types-hors-stock — 304 (37ms)
[2026-03-28T17:34:45.701Z] ACTION — GET /ref/types-contact — 304 (6ms)
[2026-03-28T17:34:45.703Z] ACTION — GET /ref/types-perte — 304 (5ms)
[2026-03-28T17:34:45.748Z] ACTION — GET /ref/types-pdv — 304 (10ms)
[2026-03-28T17:34:45.749Z] ACTION — GET /ref/types-frais — 304 (7ms)
[2026-03-28T17:34:45.756Z] ACTION — GET /ref/methodes-paiement — 304 (12ms)
[2026-03-28T17:34:45.759Z] ACTION — GET /ref/categories — 304 (9ms)
[2026-03-28T17:34:45.761Z] ACTION — GET /ref/types-hors-stock — 304 (9ms)
[2026-03-28T17:34:45.763Z] ACTION — GET /ref/types-contact — 304 (10ms)
[2026-03-28T17:34:49.708Z] ACTION — GET /ref/categories — 304 (5ms)
[2026-03-28T17:34:49.710Z] ACTION — GET /ref/types-pdv — 304 (5ms)
[2026-03-28T17:34:49.718Z] ACTION — GET /ref/methodes-paiement — 304 (5ms)
[2026-03-28T17:34:49.719Z] ACTION — GET /ref/types-frais — 304 (5ms)
[2026-03-28T17:34:49.725Z] ACTION — GET /ref/types-hors-stock — 304 (10ms)
[2026-03-28T17:34:49.727Z] ACTION — GET /ref/types-perte — 304 (7ms)
[2026-03-28T17:34:49.729Z] ACTION — GET /ref/types-contact — 304 (7ms)
[2026-03-28T17:34:49.787Z] ACTION — GET /ref/categories — 304 (5ms)
[2026-03-28T17:34:49.789Z] ACTION — GET /ref/types-pdv — 304 (4ms)
[2026-03-28T17:34:49.797Z] ACTION — GET /ref/types-hors-stock — 304 (6ms)
[2026-03-28T17:34:49.799Z] ACTION — GET /ref/types-frais — 304 (7ms)
[2026-03-28T17:34:49.800Z] ACTION — GET /ref/methodes-paiement — 304 (6ms)
[2026-03-28T17:34:49.803Z] ACTION — GET /ref/types-perte — 304 (7ms)
[2026-03-28T17:34:49.804Z] ACTION — GET /ref/types-contact — 304 (3ms)
[2026-03-28T17:34:51.860Z] ACTION — GET /ventes/produits — 304 (4ms)
[2026-03-28T17:34:51.902Z] ACTION — GET /ventes/produits — 304 (3ms)
[2026-03-28T17:34:59.364Z] ACTION — GET /ref/categories — 304 (2ms)
[2026-03-28T17:34:59.372Z] ACTION — GET /ref/categories — 304 (2ms)
[2026-03-28T17:35:06.620Z] ACTION — GET /ventes/produits — 304 (3ms)
[2026-03-28T17:35:06.632Z] ACTION — GET /ventes/produits — 304 (2ms)
[2026-03-28T17:35:11.293Z] ACTION — GET /ref/categories — 304 (2ms)
[2026-03-28T17:35:11.300Z] ACTION — GET /ref/categories — 304 (2ms)
[2026-03-28T17:35:24.978Z] ACTION — GET /ventes/produits — 304 (2ms)
[2026-03-28T17:35:24.984Z] ACTION — GET /ventes/produits — 304 (3ms)
[2026-03-28T17:35:32.294Z] ACTION — GET /ref/categories — 304 (3ms)
[2026-03-28T17:35:32.302Z] ACTION — GET /ref/categories — 304 (2ms)
[2026-03-28T17:37:57.283Z] ACTION — POST /ventes/produits — 400 (2ms)
[2026-03-28T17:38:02.036Z] ACTION — POST /ventes/produits — 201 (9ms)
[2026-03-28T17:38:02.060Z] ACTION — GET /ventes/produits — 200 (3ms)
[2026-03-28T17:38:14.759Z] ACTION — GET /ventes/pdv — 304 (3ms)
[2026-03-28T17:38:14.767Z] ACTION — GET /ventes/pdv — 304 (2ms)
[2026-03-28T17:38:16.926Z] ACTION — GET /ventes/produits — 304 (3ms)
[2026-03-28T17:38:16.936Z] ACTION — GET /health — 200 (0ms)
[2026-03-28T17:38:16.945Z] ACTION — GET /ventes/produits — 304 (4ms)
[2026-03-28T17:38:16.955Z] ACTION — GET /health — 200 (0ms)
[2026-03-28T17:38:18.146Z] ACTION — GET /ventes/produits — 304 (3ms)
[2026-03-28T17:38:18.159Z] ACTION — GET /ventes/produits — 304 (3ms)
[2026-03-28T17:38:20.838Z] ACTION — GET /ref/categories — 304 (3ms)
[2026-03-28T17:38:20.842Z] ACTION — GET /ref/types-pdv — 304 (3ms)
[2026-03-28T17:38:20.850Z] ACTION — GET /ref/types-frais — 304 (10ms)
[2026-03-28T17:38:20.851Z] ACTION — GET /ref/methodes-paiement — 304 (8ms)
[2026-03-28T17:38:20.852Z] ACTION — GET /ref/types-perte — 304 (7ms)
[2026-03-28T17:38:20.853Z] ACTION — GET /ref/types-hors-stock — 304 (6ms)
[2026-03-28T17:38:20.857Z] ACTION — GET /ref/types-contact — 304 (9ms)
[2026-03-28T17:38:20.861Z] ACTION — GET /ref/categories — 304 (7ms)
[2026-03-28T17:38:20.865Z] ACTION — GET /ref/types-pdv — 304 (6ms)
[2026-03-28T17:38:20.867Z] ACTION — GET /ref/types-frais — 304 (5ms)
[2026-03-28T17:38:20.870Z] ACTION — GET /ref/methodes-paiement — 304 (3ms)
[2026-03-28T17:38:20.877Z] ACTION — GET /ref/types-perte — 304 (4ms)
[2026-03-28T17:38:20.879Z] ACTION — GET /ref/types-hors-stock — 304 (4ms)
[2026-03-28T17:38:20.890Z] ACTION — GET /ref/types-contact — 304 (2ms)
[2026-03-28T17:38:23.837Z] ACTION — GET /health — 200 (0ms)
[2026-03-28T17:38:34.988Z] ACTION — GET /ref/categories — 304 (3ms)
[2026-03-28T17:38:34.992Z] ACTION — GET /ref/types-pdv — 304 (3ms)
[2026-03-28T17:38:35.005Z] ACTION — GET /ref/methodes-paiement — 304 (8ms)
[2026-03-28T17:38:35.007Z] ACTION — GET /ref/types-frais — 304 (8ms)
[2026-03-28T17:38:35.009Z] ACTION — GET /ref/types-hors-stock — 304 (8ms)
[2026-03-28T17:38:35.011Z] ACTION — GET /ref/types-perte — 304 (9ms)
[2026-03-28T17:38:35.013Z] ACTION — GET /ref/types-contact — 304 (9ms)
[2026-03-28T17:38:35.035Z] ACTION — GET /ref/categories — 304 (2ms)
[2026-03-28T17:38:35.044Z] ACTION — GET /ref/types-pdv — 304 (7ms)
[2026-03-28T17:38:35.046Z] ACTION — GET /ref/methodes-paiement — 304 (6ms)
[2026-03-28T17:38:35.050Z] ACTION — GET /ref/types-hors-stock — 304 (9ms)
[2026-03-28T17:38:35.051Z] ACTION — GET /ref/types-frais — 304 (9ms)
[2026-03-28T17:38:35.052Z] ACTION — GET /ref/types-perte — 304 (6ms)
[2026-03-28T17:38:35.054Z] ACTION — GET /ref/types-contact — 304 (6ms)
[2026-03-28T17:38:36.658Z] ACTION — GET /ventes/produits — 304 (3ms)
[2026-03-28T17:38:36.672Z] ACTION — GET /ventes/produits — 304 (4ms)
[2026-03-28T17:38:37.994Z] ACTION — GET /health — 200 (1ms)
[2026-03-28T17:38:37.999Z] ACTION — GET /ventes/produits — 304 (4ms)
[2026-03-28T17:38:38.012Z] ACTION — GET /health — 200 (0ms)
[2026-03-28T17:38:38.014Z] ACTION — GET /ventes/produits — 304 (3ms)
[2026-03-28T17:38:39.003Z] ACTION — GET /ref/categories — 304 (2ms)
[2026-03-28T17:38:39.007Z] ACTION — GET /ref/types-pdv — 304 (2ms)
[2026-03-28T17:38:39.023Z] ACTION — GET /ref/methodes-paiement — 304 (5ms)
[2026-03-28T17:38:39.027Z] ACTION — GET /ref/types-frais — 304 (6ms)
[2026-03-28T17:38:39.032Z] ACTION — GET /ref/types-hors-stock — 304 (7ms)
[2026-03-28T17:38:39.033Z] ACTION — GET /ref/types-perte — 304 (4ms)
[2026-03-28T17:38:39.035Z] ACTION — GET /ref/types-contact — 304 (5ms)
[2026-03-28T17:38:39.057Z] ACTION — GET /ref/categories — 304 (4ms)
[2026-03-28T17:38:39.059Z] ACTION — GET /ref/types-pdv — 304 (4ms)
[2026-03-28T17:38:39.066Z] ACTION — GET /ref/methodes-paiement — 304 (5ms)
[2026-03-28T17:38:39.067Z] ACTION — GET /ref/types-frais — 304 (5ms)
[2026-03-28T17:38:39.069Z] ACTION — GET /ref/types-hors-stock — 304 (6ms)
[2026-03-28T17:38:39.075Z] ACTION — GET /ref/types-perte — 304 (9ms)
[2026-03-28T17:38:39.079Z] ACTION — GET /ref/types-contact — 304 (7ms)
[2026-03-28T17:51:06.368Z] ACTION — GET /ref/categories — 304 (14ms)
[2026-03-28T17:51:06.370Z] ACTION — GET /ref/types-pdv — 304 (13ms)
[2026-03-28T17:51:06.371Z] ACTION — GET /ref/methodes-paiement — 304 (13ms)
[2026-03-28T17:51:06.372Z] ACTION — GET /ref/types-frais — 304 (11ms)
[2026-03-28T17:51:06.374Z] ACTION — GET /ref/types-hors-stock — 304 (10ms)
[2026-03-28T17:51:06.376Z] ACTION — GET /ref/types-perte — 304 (10ms)
[2026-03-28T17:51:06.382Z] ACTION — GET /ref/types-contact — 304 (3ms)
[2026-03-28T17:51:06.424Z] ACTION — GET /ref/categories — 304 (4ms)
[2026-03-28T17:51:06.426Z] ACTION — GET /ref/types-pdv — 304 (4ms)
[2026-03-28T17:51:06.434Z] ACTION — GET /ref/methodes-paiement — 304 (6ms)
[2026-03-28T17:51:06.438Z] ACTION — GET /ref/types-hors-stock — 304 (8ms)
[2026-03-28T17:51:06.440Z] ACTION — GET /ref/types-frais — 304 (8ms)
[2026-03-28T17:51:06.441Z] ACTION — GET /ref/types-perte — 304 (6ms)
[2026-03-28T17:51:06.444Z] ACTION — GET /ref/types-contact — 304 (7ms)
[2026-03-28T17:51:08.223Z] ACTION — GET /ventes/produits — 304 (2ms)
[2026-03-28T17:51:08.236Z] ACTION — GET /ventes/produits — 304 (2ms)
[2026-03-28T17:51:10.749Z] ACTION — GET /ref/categories — 304 (1ms)
[2026-03-28T17:51:10.756Z] ACTION — GET /ref/categories — 304 (2ms)
[2026-03-28T17:51:19.844Z] ACTION — POST /ref/categories — 201 (11ms)
[2026-03-28T17:51:19.858Z] ACTION — PUT /ventes/produits/2 — 200 (22ms)
[2026-03-28T17:51:19.877Z] ACTION — GET /ventes/produits — 200 (3ms)
[2026-03-28T17:51:22.310Z] ACTION — GET /ref/categories — 200 (2ms)
[2026-03-28T17:51:22.317Z] ACTION — GET /ref/categories — 304 (2ms)
[2026-03-28T17:54:57.125Z] ACTION — GET /health — 200 (0ms)
[2026-03-28T17:54:57.130Z] ACTION — GET /ventes/produits — 304 (4ms)
[2026-03-28T17:54:57.142Z] ACTION — GET /health — 200 (0ms)
[2026-03-28T17:54:57.144Z] ACTION — GET /ventes/produits — 304 (4ms)
[2026-03-28T18:03:25.834Z] ACTION — EVA backend démarré sur le port 3000
[2026-03-28T18:03:26.404Z] ACTION — EVA backend démarré sur le port 3000
[2026-03-28T18:09:57.700Z] ACTION — EVA backend démarré sur le port 3000
[2026-03-28T18:10:02.289Z] ACTION — EVA backend démarré sur le port 3000
[2026-03-28T18:18:01.749Z] ACTION — GET /health — 200 (6ms)
[2026-03-28T18:18:01.761Z] ACTION — GET /health — 200 (1ms)
[2026-03-28T18:18:01.767Z] ACTION — GET /ventes/produits — 304 (13ms)
[2026-03-28T18:18:01.775Z] ACTION — GET /ventes/produits — 304 (3ms)
[2026-03-28T19:37:17.244Z] ACTION — EVA backend démarré sur le port 3000
[2026-03-28T19:37:17.839Z] ACTION — EVA backend démarré sur le port 3000
[2026-03-28T19:37:23.144Z] ACTION — EVA backend démarré sur le port 3000
[2026-03-28T19:37:31.963Z] ACTION — GET /health — 200 (5ms)
[2026-03-28T19:37:31.973Z] ACTION — GET /health — 200 (0ms)
[2026-03-28T19:37:31.980Z] ACTION — GET /ventes/produits — 304 (15ms)
[2026-03-28T19:37:31.987Z] ACTION — GET /ventes/produits — 304 (2ms)
[2026-03-28T19:37:44.095Z] ACTION — GET /ventes/pdv — 304 (4ms)
[2026-03-28T19:37:44.097Z] ACTION — GET /ventes/produits — 304 (4ms)
[2026-03-28T19:37:44.104Z] ACTION — GET /ventes/pdv — 304 (4ms)
[2026-03-28T19:37:44.106Z] ACTION — GET /ventes/produits — 304 (4ms)
[2026-03-28T19:37:59.219Z] ACTION — GET /ventes/pdv — 304 (5ms)
[2026-03-28T19:37:59.221Z] ACTION — GET /ventes/produits — 304 (5ms)
[2026-03-28T19:37:59.232Z] ACTION — GET /ventes/pdv — 304 (5ms)
[2026-03-28T19:37:59.234Z] ACTION — GET /ventes/produits — 304 (5ms)
[2026-03-28T19:38:02.857Z] ACTION — GET /ventes/produits — 304 (3ms)
[2026-03-28T19:38:02.866Z] ACTION — GET /ventes/produits — 304 (3ms)
[2026-03-28T19:38:10.274Z] ACTION — GET /ref/categories — 200 (10ms)
[2026-03-28T19:38:10.276Z] ACTION — GET /ref/types-pdv — 304 (10ms)
[2026-03-28T19:38:10.277Z] ACTION — GET /ref/methodes-paiement — 304 (8ms)
[2026-03-28T19:38:10.279Z] ACTION — GET /ref/types-frais — 304 (7ms)
[2026-03-28T19:38:10.284Z] ACTION — GET /ref/types-hors-stock — 304 (12ms)
[2026-03-28T19:38:10.287Z] ACTION — GET /ref/types-perte — 304 (6ms)
[2026-03-28T19:38:10.295Z] ACTION — GET /ref/types-contact — 304 (14ms)
[2026-03-28T19:38:10.297Z] ACTION — GET /ref/categories — 304 (7ms)
[2026-03-28T19:38:10.299Z] ACTION — GET /ref/types-pdv — 304 (7ms)
[2026-03-28T19:38:10.307Z] ACTION — GET /ref/methodes-paiement — 304 (14ms)
[2026-03-28T19:38:10.309Z] ACTION — GET /ref/types-frais — 304 (9ms)
[2026-03-28T19:38:10.310Z] ACTION — GET /ref/types-hors-stock — 304 (8ms)
[2026-03-28T19:38:10.314Z] ACTION — GET /ref/types-perte — 304 (10ms)
[2026-03-28T19:38:10.316Z] ACTION — GET /ref/types-contact — 304 (5ms)
[2026-03-28T19:38:15.298Z] ACTION — GET /ventes/produits — 304 (3ms)
[2026-03-28T19:38:15.301Z] ACTION — GET /health — 200 (1ms)
[2026-03-28T19:38:15.309Z] ACTION — GET /ventes/produits — 304 (4ms)
[2026-03-28T19:38:15.311Z] ACTION — GET /health — 200 (1ms)
[2026-03-28T19:38:26.377Z] ACTION — GET /ventes/pdv — 304 (4ms)
[2026-03-28T19:38:26.380Z] ACTION — GET /ventes/produits — 304 (5ms)
[2026-03-28T19:38:26.387Z] ACTION — GET /ventes/pdv — 304 (3ms)
[2026-03-28T19:38:26.388Z] ACTION — GET /ventes/produits — 304 (3ms)
[2026-03-28T19:38:36.075Z] ACTION — POST /ventes/sessions — 201 (16ms)
[2026-03-28T19:38:36.088Z] ACTION — GET /ventes/sessions/1 — 200 (5ms)
[2026-03-28T19:38:36.102Z] ACTION — GET /ref/methodes-paiement — 304 (2ms)
[2026-03-28T19:38:36.110Z] ACTION — GET /ref/methodes-paiement — 304 (2ms)
[2026-03-28T19:38:36.676Z] ACTION — EVA backend démarré sur le port 3000
[2026-03-28T19:38:52.154Z] ACTION — GET /health — 200 (5ms)
[2026-03-28T19:38:52.165Z] ACTION — GET /health — 200 (1ms)
[2026-03-28T19:38:52.172Z] ACTION — GET /ventes/produits — 304 (14ms)
[2026-03-28T19:38:52.179Z] ACTION — GET /ventes/produits — 304 (2ms)
[2026-03-28T19:39:01.418Z] ACTION — GET /health — 200 (0ms)
[2026-03-28T19:39:01.423Z] ACTION — GET /ventes/produits — 304 (3ms)
[2026-03-28T19:39:01.496Z] ACTION — GET /health — 200 (0ms)
[2026-03-28T19:39:01.502Z] ACTION — GET /ventes/produits — 304 (4ms)
[2026-03-28T19:39:03.791Z] ACTION — GET /health — 200 (1ms)
[2026-03-28T19:39:03.796Z] ACTION — GET /health — 200 (0ms)
[2026-03-28T19:39:03.797Z] ACTION — GET /ventes/produits — 304 (4ms)
[2026-03-28T19:39:03.809Z] ACTION — GET /ventes/produits — 304 (3ms)
[2026-03-28T19:39:05.045Z] ACTION — GET /ventes/produits — 304 (4ms)
[2026-03-28T19:39:05.048Z] ACTION — GET /ventes/pdv — 304 (4ms)
[2026-03-28T19:39:05.057Z] ACTION — GET /ventes/produits — 304 (5ms)
[2026-03-28T19:39:05.062Z] ACTION — GET /ventes/pdv — 304 (3ms)
[2026-03-28T19:39:12.133Z] ACTION — GET /ventes/produits — 304 (3ms)
[2026-03-28T19:39:12.142Z] ACTION — GET /ventes/produits — 304 (5ms)
[2026-03-28T19:39:13.789Z] ACTION — GET /ventes/pdv — 304 (3ms)
[2026-03-28T19:39:13.800Z] ACTION — GET /ventes/pdv — 304 (4ms)
[2026-03-28T19:39:18.668Z] ACTION — GET /ref/categories — 304 (5ms)
[2026-03-28T19:39:18.684Z] ACTION — GET /ref/types-pdv — 304 (12ms)
[2026-03-28T19:39:18.685Z] ACTION — GET /ref/types-frais — 304 (12ms)
[2026-03-28T19:39:18.688Z] ACTION — GET /ref/types-hors-stock — 304 (12ms)
[2026-03-28T19:39:18.693Z] ACTION — GET /ref/types-contact — 304 (16ms)
[2026-03-28T19:39:18.695Z] ACTION — GET /ref/methodes-paiement — 304 (16ms)
[2026-03-28T19:39:18.696Z] ACTION — GET /ref/types-perte — 304 (15ms)
[2026-03-28T19:39:18.702Z] ACTION — GET /ref/categories — 304 (11ms)
[2026-03-28T19:39:18.708Z] ACTION — GET /ref/types-pdv — 304 (9ms)
[2026-03-28T19:39:18.710Z] ACTION — GET /ref/types-frais — 304 (6ms)
[2026-03-28T19:39:18.712Z] ACTION — GET /ref/types-hors-stock — 304 (7ms)
[2026-03-28T19:39:18.719Z] ACTION — GET /ref/types-contact — 304 (11ms)
[2026-03-28T19:39:18.721Z] ACTION — GET /ref/methodes-paiement — 304 (8ms)
[2026-03-28T19:39:18.723Z] ACTION — GET /ref/types-perte — 304 (7ms)
[2026-03-28T19:39:20.147Z] ACTION — GET /ventes/pdv — 304 (3ms)
[2026-03-28T19:39:20.157Z] ACTION — GET /ventes/pdv — 304 (4ms)
[2026-03-28T19:39:20.555Z] ACTION — GET /ventes/produits — 304 (2ms)
[2026-03-28T19:39:20.561Z] ACTION — GET /ventes/produits — 304 (2ms)
[2026-03-28T19:39:21.092Z] ACTION — GET /ventes/pdv — 304 (4ms)
[2026-03-28T19:39:21.094Z] ACTION — GET /ventes/produits — 304 (4ms)
[2026-03-28T19:39:21.103Z] ACTION — GET /ventes/pdv — 304 (5ms)
[2026-03-28T19:39:21.108Z] ACTION — GET /ventes/produits — 304 (3ms)
[2026-03-28T19:42:00.293Z] ACTION — Login réussi : bonacci.francois@gmail.com
[2026-03-28T19:42:00.294Z] ACTION — POST /auth/login — 200 (69ms)
[2026-03-28T19:42:00.347Z] ACTION — GET /health — 200 (1ms)
[2026-03-28T19:42:00.354Z] ACTION — GET /ventes/produits — 304 (4ms)
[2026-03-28T19:42:00.357Z] ACTION — GET /health — 200 (1ms)
[2026-03-28T19:42:00.365Z] ACTION — GET /ventes/produits — 304 (4ms)
[2026-03-28T19:42:11.314Z] ACTION — GET /health — 200 (0ms)
[2026-03-28T19:42:11.319Z] ACTION — GET /ventes/produits — 304 (4ms)
[2026-03-28T19:42:11.326Z] ACTION — GET /health — 200 (0ms)
[2026-03-28T19:42:11.330Z] ACTION — GET /ventes/produits — 304 (4ms)
[2026-03-28T19:42:13.706Z] ACTION — GET /ventes/produits — 304 (4ms)
[2026-03-28T19:42:13.707Z] ACTION — GET /ventes/pdv — 304 (3ms)
[2026-03-28T19:42:13.717Z] ACTION — GET /ventes/produits — 304 (3ms)
[2026-03-28T19:42:13.720Z] ACTION — GET /ventes/pdv — 304 (5ms)
[2026-03-28T19:42:14.994Z] ACTION — GET /ventes/produits — 304 (3ms)
[2026-03-28T19:42:15.001Z] ACTION — GET /ventes/produits — 304 (2ms)
[2026-03-28T19:42:16.710Z] ACTION — GET /ventes/pdv — 304 (3ms)
[2026-03-28T19:42:16.721Z] ACTION — GET /ventes/pdv — 304 (2ms)
[2026-03-28T19:42:18.185Z] ACTION — GET /ref/categories — 304 (6ms)
[2026-03-28T19:42:18.186Z] ACTION — GET /ref/types-pdv — 304 (5ms)
[2026-03-28T19:42:18.189Z] ACTION — GET /ref/methodes-paiement — 304 (6ms)
[2026-03-28T19:42:18.198Z] ACTION — GET /ref/types-frais — 304 (11ms)
[2026-03-28T19:42:18.200Z] ACTION — GET /ref/types-perte — 304 (9ms)
[2026-03-28T19:42:18.202Z] ACTION — GET /ref/types-hors-stock — 304 (10ms)
[2026-03-28T19:42:18.210Z] ACTION — GET /ref/types-contact — 304 (14ms)
[2026-03-28T19:42:18.213Z] ACTION — GET /ref/categories — 304 (9ms)
[2026-03-28T19:42:18.214Z] ACTION — GET /ref/types-pdv — 304 (9ms)
[2026-03-28T19:42:18.221Z] ACTION — GET /ref/methodes-paiement — 304 (13ms)
[2026-03-28T19:42:18.223Z] ACTION — GET /ref/types-frais — 304 (7ms)
[2026-03-28T19:42:18.230Z] ACTION — GET /ref/types-perte — 304 (11ms)
[2026-03-28T19:42:18.232Z] ACTION — GET /ref/types-hors-stock — 304 (7ms)
[2026-03-28T19:42:18.233Z] ACTION — GET /ref/types-contact — 304 (7ms)
[2026-03-28T19:42:18.955Z] ACTION — GET /ventes/pdv — 304 (2ms)
[2026-03-28T19:42:18.964Z] ACTION — GET /ventes/pdv — 304 (3ms)
[2026-03-28T19:42:19.319Z] ACTION — GET /ventes/produits — 304 (3ms)
[2026-03-28T19:42:19.332Z] ACTION — GET /ventes/produits — 304 (3ms)
[2026-03-28T19:42:20.097Z] ACTION — GET /ventes/pdv — 304 (5ms)
[2026-03-28T19:42:20.099Z] ACTION — GET /ventes/produits — 304 (5ms)
[2026-03-28T19:42:20.107Z] ACTION — GET /ventes/pdv — 304 (3ms)
[2026-03-28T19:42:20.108Z] ACTION — GET /ventes/produits — 304 (3ms)
[2026-03-28T19:42:23.193Z] ACTION — EVA backend démarré sur le port 3000
[2026-03-28T19:42:31.566Z] ACTION — EVA backend démarré sur le port 3000
[2026-03-28T19:42:40.508Z] ACTION — EVA backend démarré sur le port 3000
[2026-03-28T19:43:01.682Z] ACTION — GET /ventes/produits — 304 (11ms)
[2026-03-28T19:43:01.686Z] ACTION — GET /ventes/pdv — 304 (22ms)
[2026-03-28T19:43:04.088Z] ACTION — GET /ventes/produits — 304 (5ms)
[2026-03-28T19:43:04.096Z] ACTION — GET /ventes/produits — 304 (3ms)
[2026-03-28T19:43:09.593Z] ACTION — GET /ventes/pdv — 304 (3ms)
[2026-03-28T19:43:09.599Z] ACTION — GET /ventes/pdv — 304 (2ms)
[2026-03-28T19:43:22.499Z] ACTION — GET /ventes/pdv — 304 (2ms)
[2026-03-28T19:43:22.506Z] ACTION — GET /ventes/pdv — 304 (4ms)
[2026-03-28T19:43:47.193Z] ACTION — GET /ref/categories — 304 (15ms)
[2026-03-28T19:43:47.195Z] ACTION — GET /ref/types-pdv — 304 (14ms)
[2026-03-28T19:43:47.197Z] ACTION — GET /ref/methodes-paiement — 304 (14ms)
[2026-03-28T19:43:47.200Z] ACTION — GET /ref/types-frais — 304 (14ms)
[2026-03-28T19:43:47.202Z] ACTION — GET /ref/types-hors-stock — 304 (14ms)
[2026-03-28T19:43:47.208Z] ACTION — GET /ref/types-perte — 304 (20ms)
[2026-03-28T19:43:47.211Z] ACTION — GET /ref/types-contact — 304 (8ms)
[2026-03-28T19:43:47.221Z] ACTION — GET /ref/categories — 304 (9ms)
[2026-03-28T19:43:47.224Z] ACTION — GET /ref/types-pdv — 304 (8ms)
[2026-03-28T19:43:47.231Z] ACTION — GET /ref/methodes-paiement — 304 (14ms)
[2026-03-28T19:43:47.232Z] ACTION — GET /ref/types-frais — 304 (7ms)
[2026-03-28T19:43:47.234Z] ACTION — GET /ref/types-hors-stock — 304 (8ms)
[2026-03-28T19:43:47.236Z] ACTION — GET /ref/types-perte — 304 (7ms)
[2026-03-28T19:43:47.240Z] ACTION — GET /ref/types-contact — 304 (11ms)
[2026-03-28T19:43:48.450Z] ACTION — GET /ventes/pdv — 304 (2ms)
[2026-03-28T19:43:48.460Z] ACTION — GET /ventes/pdv — 304 (2ms)
[2026-03-28T19:43:48.865Z] ACTION — GET /ventes/produits — 304 (2ms)
[2026-03-28T19:43:48.873Z] ACTION — GET /ventes/produits — 304 (3ms)
[2026-03-28T19:43:49.260Z] ACTION — GET /ventes/pdv — 304 (3ms)
[2026-03-28T19:43:49.262Z] ACTION — GET /ventes/produits — 304 (4ms)
[2026-03-28T19:43:49.270Z] ACTION — GET /ventes/pdv — 304 (5ms)
[2026-03-28T19:43:49.272Z] ACTION — GET /ventes/produits — 304 (4ms)
[2026-03-28T19:44:24.250Z] ACTION — GET /ventes/produits — 304 (3ms)
[2026-03-28T19:44:24.252Z] ACTION — GET /ventes/pdv — 304 (5ms)
[2026-03-28T19:44:24.258Z] ACTION — GET /ventes/produits — 304 (3ms)
[2026-03-28T19:44:24.260Z] ACTION — GET /ventes/pdv — 304 (3ms)
[2026-03-28T19:44:24.268Z] ACTION — GET /ventes/produits — 304 (4ms)
[2026-03-28T19:44:24.269Z] ACTION — GET /ventes/pdv — 304 (3ms)
[2026-03-28T19:44:24.277Z] ACTION — GET /ventes/produits — 304 (3ms)
[2026-03-28T19:44:24.278Z] ACTION — GET /ventes/pdv — 304 (4ms)
[2026-03-28T19:44:24.285Z] ACTION — GET /ventes/produits — 304 (2ms)
[2026-03-28T19:44:24.291Z] ACTION — GET /ventes/produits — 304 (2ms)
[2026-03-28T19:44:24.734Z] ACTION — GET /health — 200 (1ms)
[2026-03-28T19:44:24.739Z] ACTION — GET /health — 200 (1ms)
[2026-03-28T19:45:16.157Z] ACTION — GET /ventes/pdv — 304 (3ms)
[2026-03-28T19:45:16.165Z] ACTION — GET /ventes/pdv — 304 (2ms)
[2026-03-28T19:47:14.601Z] ACTION — GET /ventes/pdv — 304 (3ms)
[2026-03-28T19:47:14.607Z] ACTION — GET /ventes/pdv — 304 (3ms)
[2026-03-28T19:47:35.073Z] ACTION — EVA backend démarré sur le port 3000
[2026-03-28T19:47:44.172Z] ACTION — GET /ventes/pdv — 304 (23ms)
[2026-03-28T19:47:44.182Z] ACTION — GET /ventes/pdv — 304 (3ms)
[2026-03-28T19:47:46.049Z] ACTION — GET /ventes/pdv — 304 (2ms)
[2026-03-28T19:47:46.064Z] ACTION — GET /ventes/pdv — 304 (3ms)
[2026-03-28T19:47:48.416Z] ACTION — GET /health — 200 (1ms)
[2026-03-28T19:47:48.422Z] ACTION — GET /health — 200 (1ms)
[2026-03-28T19:47:48.425Z] ACTION — GET /ventes/produits — 304 (7ms)
[2026-03-28T19:47:48.434Z] ACTION — GET /ventes/produits — 304 (2ms)
[2026-03-28T19:47:49.186Z] ACTION — GET /ventes/pdv — 304 (3ms)
[2026-03-28T19:47:49.196Z] ACTION — GET /ventes/pdv — 304 (2ms)
[2026-03-28T19:47:52.861Z] ACTION — GET /ventes/sessions?limit=50&offset=0 — 200 (6ms)
[2026-03-28T19:47:52.869Z] ACTION — GET /ventes/sessions?limit=50&offset=0 — 304 (3ms)
[2026-03-28T19:47:58.326Z] ACTION — GET /ventes/pdv — 304 (2ms)
[2026-03-28T19:47:58.333Z] ACTION — GET /ventes/pdv — 304 (3ms)
[2026-03-28T19:48:01.061Z] ACTION — GET /ventes/sessions?limit=50&offset=0 — 304 (2ms)
[2026-03-28T19:48:01.073Z] ACTION — GET /ventes/sessions?limit=50&offset=0 — 304 (4ms)
[2026-03-28T19:48:01.837Z] ACTION — GET /ventes/produits — 304 (2ms)
[2026-03-28T19:48:01.846Z] ACTION — GET /ventes/produits — 304 (3ms)
[2026-03-28T19:48:02.848Z] ACTION — GET /ventes/pdv — 304 (2ms)
[2026-03-28T19:48:02.857Z] ACTION — GET /ventes/pdv — 304 (4ms)
[2026-03-28T19:48:04.047Z] ACTION — GET /ref/categories — 304 (4ms)
[2026-03-28T19:48:04.063Z] ACTION — GET /ref/types-pdv — 304 (12ms)
[2026-03-28T19:48:04.064Z] ACTION — GET /ref/methodes-paiement — 304 (10ms)
[2026-03-28T19:48:04.066Z] ACTION — GET /ref/types-frais — 304 (9ms)
[2026-03-28T19:48:04.067Z] ACTION — GET /ref/types-hors-stock — 304 (8ms)
[2026-03-28T19:48:04.069Z] ACTION — GET /ref/types-perte — 304 (9ms)
[2026-03-28T19:48:04.073Z] ACTION — GET /ref/types-contact — 304 (12ms)
[2026-03-28T19:48:04.079Z] ACTION — GET /ref/categories — 304 (9ms)
[2026-03-28T19:48:04.080Z] ACTION — GET /ref/types-pdv — 304 (5ms)
[2026-03-28T19:48:04.084Z] ACTION — GET /ref/methodes-paiement — 304 (6ms)
[2026-03-28T19:48:04.089Z] ACTION — GET /ref/types-frais — 304 (8ms)
[2026-03-28T19:48:04.091Z] ACTION — GET /ref/types-hors-stock — 304 (5ms)
[2026-03-28T19:48:04.094Z] ACTION — GET /ref/types-perte — 304 (6ms)
[2026-03-28T19:48:04.095Z] ACTION — GET /ref/types-contact — 304 (3ms)
[2026-03-28T19:48:04.698Z] ACTION — GET /ventes/produits — 304 (2ms)
[2026-03-28T19:48:04.704Z] ACTION — GET /ventes/produits — 304 (3ms)
[2026-03-28T19:48:05.066Z] ACTION — GET /ventes/pdv — 304 (2ms)
[2026-03-28T19:48:05.076Z] ACTION — GET /ventes/pdv — 304 (2ms)
[2026-03-28T19:48:06.460Z] ACTION — GET /ventes/sessions?limit=50&offset=0 — 304 (2ms)
[2026-03-28T19:48:06.468Z] ACTION — GET /ventes/sessions?limit=50&offset=0 — 304 (3ms)
[2026-03-28T19:48:42.499Z] ACTION — GET /ventes/produits — 304 (4ms)
[2026-03-28T19:48:42.508Z] ACTION — GET /ventes/produits — 304 (3ms)
[2026-03-28T19:48:43.634Z] ACTION — GET /health — 200 (1ms)
[2026-03-28T19:48:43.638Z] ACTION — GET /ventes/produits — 304 (3ms)
[2026-03-28T19:48:43.646Z] ACTION — GET /health — 200 (0ms)
[2026-03-28T19:48:43.648Z] ACTION — GET /ventes/produits — 304 (4ms)
[2026-03-28T19:48:48.780Z] ACTION — GET /health — 200 (0ms)
[2026-03-28T19:48:48.785Z] ACTION — GET /ventes/produits — 304 (3ms)
[2026-03-28T19:48:48.787Z] ACTION — GET /health — 200 (0ms)
[2026-03-28T19:48:48.793Z] ACTION — GET /ventes/produits — 304 (2ms)
[2026-03-28T19:48:53.673Z] ACTION — GET /health — 200 (0ms)
[2026-03-28T19:48:53.678Z] ACTION — GET /ventes/produits — 304 (3ms)
[2026-03-28T19:48:53.681Z] ACTION — GET /health — 200 (1ms)
[2026-03-28T19:48:53.688Z] ACTION — GET /ventes/produits — 304 (4ms)
[2026-03-28T19:48:59.215Z] ACTION — GET /ventes/pdv — 304 (4ms)
[2026-03-28T19:48:59.225Z] ACTION — GET /ventes/pdv — 304 (2ms)
[2026-03-28T19:49:03.474Z] ACTION — GET /ventes/produits — 304 (3ms)
[2026-03-28T19:49:03.481Z] ACTION — GET /ventes/produits — 304 (3ms)
[2026-03-28T19:49:04.211Z] ACTION — GET /ventes/pdv — 304 (3ms)
[2026-03-28T19:49:04.224Z] ACTION — GET /ventes/pdv — 304 (3ms)
[2026-03-28T19:49:05.831Z] ACTION — GET /ref/categories — 304 (2ms)
[2026-03-28T19:49:05.836Z] ACTION — GET /ref/types-pdv — 304 (4ms)
[2026-03-28T19:49:05.841Z] ACTION — GET /ref/methodes-paiement — 304 (6ms)
[2026-03-28T19:49:05.842Z] ACTION — GET /ref/types-frais — 304 (5ms)
[2026-03-28T19:49:05.847Z] ACTION — GET /ref/types-hors-stock — 304 (8ms)
[2026-03-28T19:49:05.849Z] ACTION — GET /ref/types-perte — 304 (6ms)
[2026-03-28T19:49:05.852Z] ACTION — GET /ref/types-contact — 304 (7ms)
[2026-03-28T19:49:05.857Z] ACTION — GET /ref/categories — 304 (7ms)
[2026-03-28T19:49:05.858Z] ACTION — GET /ref/types-pdv — 304 (5ms)
[2026-03-28T19:49:05.865Z] ACTION — GET /ref/methodes-paiement — 304 (10ms)
[2026-03-28T19:49:05.867Z] ACTION — GET /ref/types-frais — 304 (7ms)
[2026-03-28T19:49:05.868Z] ACTION — GET /ref/types-hors-stock — 304 (7ms)
[2026-03-28T19:49:05.871Z] ACTION — GET /ref/types-perte — 304 (8ms)
[2026-03-28T19:49:05.872Z] ACTION — GET /ref/types-contact — 304 (3ms)
[2026-03-28T19:49:09.482Z] ACTION — GET /ventes/produits — 304 (3ms)
[2026-03-28T19:49:09.490Z] ACTION — GET /ventes/produits — 304 (3ms)
[2026-03-28T19:49:09.846Z] ACTION — GET /ventes/pdv — 304 (4ms)
[2026-03-28T19:49:09.854Z] ACTION — GET /ventes/pdv — 304 (3ms)
[2026-03-28T19:49:20.089Z] ACTION — GET /ventes/pdv — 304 (3ms)
[2026-03-28T19:49:20.104Z] ACTION — GET /ventes/pdv — 304 (3ms)
[2026-03-28T19:49:20.880Z] ACTION — GET /ventes/produits — 304 (3ms)
[2026-03-28T19:49:20.888Z] ACTION — GET /ventes/produits — 304 (2ms)
[2026-03-28T19:49:22.624Z] ACTION — GET /ventes/pdv — 304 (2ms)
[2026-03-28T19:49:22.634Z] ACTION — GET /ventes/pdv — 304 (3ms)
[2026-03-28T19:49:23.541Z] ACTION — GET /ventes/sessions?limit=50&offset=0 — 304 (2ms)
[2026-03-28T19:49:23.549Z] ACTION — GET /ventes/sessions?limit=50&offset=0 — 304 (3ms)
[2026-03-28T19:49:34.563Z] ACTION — GET /ventes/pdv — 304 (3ms)
[2026-03-28T19:49:34.572Z] ACTION — GET /ventes/pdv — 304 (2ms)
[2026-03-28T19:51:32.796Z] ACTION — GET /ventes/sessions?limit=5&offset=0 — 200 (5ms)
[2026-03-28T19:51:32.809Z] ACTION — GET /ventes/sessions?limit=5&offset=0 — 304 (4ms)
[2026-03-28T19:51:32.830Z] ACTION — GET /ref/methodes-paiement — 304 (4ms)
[2026-03-28T19:51:32.831Z] ACTION — GET /ventes/produits — 304 (3ms)
[2026-03-28T19:51:32.839Z] ACTION — GET /ref/methodes-paiement — 304 (2ms)
[2026-03-28T19:51:32.841Z] ACTION — GET /ventes/produits — 304 (3ms)
[2026-03-28T20:01:31.394Z] ACTION — GET /ventes/sessions/1 — 304 (4ms)
[2026-03-28T20:01:31.407Z] ACTION — GET /ventes/sessions/1 — 304 (4ms)
[2026-03-28T20:01:31.425Z] ACTION — GET /ref/methodes-paiement — 304 (4ms)
[2026-03-28T20:01:31.427Z] ACTION — GET /ventes/produits — 304 (4ms)
[2026-03-28T20:01:31.445Z] ACTION — GET /ref/methodes-paiement — 304 (3ms)
[2026-03-28T20:01:31.446Z] ACTION — GET /ventes/produits — 304 (3ms)
[2026-03-28T20:01:46.331Z] ACTION — POST /ventes/ventes — 201 (25ms)
[2026-03-28T20:01:46.344Z] ACTION — GET /ventes/sessions/1 — 200 (3ms)
[2026-03-28T20:01:49.244Z] ACTION — GET /ventes/sessions?limit=50&offset=0 — 200 (3ms)
[2026-03-28T20:01:49.261Z] ACTION — GET /ventes/sessions?limit=50&offset=0 — 304 (4ms)
[2026-03-28T20:01:58.676Z] ACTION — GET /ref/methodes-paiement — 304 (2ms)
[2026-03-28T20:01:58.678Z] ACTION — GET /ventes/produits — 200 (3ms)
[2026-03-28T20:01:58.688Z] ACTION — GET /ref/methodes-paiement — 304 (6ms)
[2026-03-28T20:01:58.690Z] ACTION — GET /ventes/produits — 304 (4ms)
[2026-03-28T20:02:25.187Z] ACTION — POST /ventes/ventes — 201 (15ms)
[2026-03-28T20:02:25.200Z] ACTION — GET /ventes/sessions/1 — 200 (5ms)
[2026-03-28T20:02:31.367Z] ACTION — GET /ventes/sessions?limit=50&offset=0 — 200 (3ms)
[2026-03-28T20:02:31.376Z] ACTION — GET /ventes/sessions?limit=50&offset=0 — 304 (4ms)
[2026-03-28T20:02:40.756Z] ACTION — GET /ref/methodes-paiement — 304 (7ms)
[2026-03-28T20:02:40.759Z] ACTION — GET /ventes/produits — 200 (7ms)
[2026-03-28T20:02:40.770Z] ACTION — GET /ref/methodes-paiement — 304 (5ms)
[2026-03-28T20:02:40.772Z] ACTION — GET /ventes/produits — 304 (4ms)
[2026-03-28T20:02:41.138Z] ACTION — GET /ventes/produits — 304 (4ms)
[2026-03-28T20:02:41.148Z] ACTION — GET /ventes/produits — 304 (3ms)
[2026-03-28T20:02:44.442Z] ACTION — GET /ref/categories — 304 (2ms)
[2026-03-28T20:02:44.449Z] ACTION — GET /ref/categories — 304 (2ms)
[2026-03-28T20:03:03.901Z] ACTION — GET /ventes/pdv — 304 (3ms)
[2026-03-28T20:03:03.903Z] ACTION — GET /ventes/pdv — 304 (3ms)
[2026-03-28T20:03:06.840Z] ACTION — GET /ref/types-pdv — 304 (2ms)
[2026-03-28T20:03:06.846Z] ACTION — GET /ref/types-pdv — 304 (2ms)
[2026-03-28T20:03:49.975Z] ACTION — GET /ref/types-perte — 304 (10ms)
[2026-03-28T20:03:49.977Z] ACTION — GET /ref/types-contact — 304 (9ms)
[2026-03-28T20:03:49.978Z] ACTION — GET /ref/categories — 304 (8ms)
[2026-03-28T20:03:49.979Z] ACTION — GET /ref/types-pdv — 304 (9ms)
[2026-03-28T20:03:49.981Z] ACTION — GET /ref/types-frais — 304 (9ms)
[2026-03-28T20:03:49.984Z] ACTION — GET /ref/types-hors-stock — 304 (11ms)
[2026-03-28T20:03:49.986Z] ACTION — GET /ref/methodes-paiement — 304 (13ms)
[2026-03-28T20:03:49.996Z] ACTION — GET /ref/types-perte — 304 (7ms)
[2026-03-28T20:03:49.998Z] ACTION — GET /ref/types-contact — 304 (6ms)
[2026-03-28T20:03:50.005Z] ACTION — GET /ref/categories — 304 (10ms)
[2026-03-28T20:03:50.006Z] ACTION — GET /ref/types-pdv — 304 (6ms)
[2026-03-28T20:03:50.008Z] ACTION — GET /ref/types-frais — 304 (5ms)
[2026-03-28T20:03:50.011Z] ACTION — GET /ref/types-hors-stock — 304 (8ms)
[2026-03-28T20:03:50.013Z] ACTION — GET /ref/methodes-paiement — 304 (3ms)
[2026-03-28T20:04:29.182Z] ACTION — DELETE /ref/types-hors-stock/6 — 204 (9ms)
[2026-03-28T20:04:29.193Z] ACTION — GET /ref/types-hors-stock — 200 (3ms)
[2026-03-28T20:05:02.325Z] ACTION — POST /ref/types-perte — 201 (10ms)
[2026-03-28T20:05:02.335Z] ACTION — GET /ref/types-perte — 200 (2ms)
[2026-03-28T20:05:10.519Z] ACTION — GET /health — 200 (1ms)
[2026-03-28T20:05:10.524Z] ACTION — GET /ventes/produits — 304 (3ms)
[2026-03-28T20:05:10.534Z] ACTION — GET /health — 200 (1ms)
[2026-03-28T20:05:10.537Z] ACTION — GET /ventes/produits — 304 (4ms)
[2026-03-28T20:05:11.636Z] ACTION — GET /ventes/produits — 304 (3ms)
[2026-03-28T20:05:11.645Z] ACTION — GET /ref/methodes-paiement — 304 (4ms)
[2026-03-28T20:05:11.647Z] ACTION — GET /ventes/produits — 304 (4ms)
[2026-03-28T20:05:11.655Z] ACTION — GET /ref/methodes-paiement — 304 (3ms)
[2026-03-28T21:29:59.064Z] ACTION — EVA backend démarré sur le port 3000
[2026-03-28T21:29:59.653Z] ACTION — EVA backend démarré sur le port 3000
[2026-03-28T23:22:19.756Z] ACTION — EVA backend démarré sur le port 3000
[2026-03-28T23:22:20.421Z] ACTION — EVA backend démarré sur le port 3000
[2026-03-28T23:22:26.871Z] ACTION — EVA backend démarré sur le port 3000
[2026-03-28T23:22:54.464Z] ACTION — EVA backend démarré sur le port 3000
[2026-03-28T23:23:10.651Z] ACTION — EVA backend démarré sur le port 3000
[2026-03-28T23:23:33.160Z] ACTION — EVA backend démarré sur le port 3000
[2026-03-28T23:23:46.894Z] ACTION — EVA backend démarré sur le port 3000
[2026-03-28T23:24:11.872Z] ACTION — GET /ref/methodes-paiement — 304 (16ms)
[2026-03-28T23:24:11.875Z] ACTION — GET /ventes/produits — 304 (13ms)
[2026-03-28T23:24:11.877Z] ACTION — GET /ventes/sessions/1 — 304 (13ms)
[2026-03-28T23:24:11.883Z] ACTION — GET /ref/methodes-paiement — 304 (3ms)
[2026-03-28T23:24:11.884Z] ACTION — GET /ventes/produits — 304 (4ms)
[2026-03-28T23:24:13.156Z] ACTION — GET /ventes/sessions/1 — 304 (4ms)
[2026-03-28T23:24:13.168Z] ACTION — GET /ventes/sessions/1 — 304 (3ms)
[2026-03-28T23:24:13.185Z] ACTION — GET /ref/methodes-paiement — 304 (4ms)
[2026-03-28T23:24:13.188Z] ACTION — GET /ventes/produits — 304 (4ms)
[2026-03-28T23:24:13.192Z] ACTION — GET /ref/methodes-paiement — 304 (3ms)
[2026-03-28T23:24:13.199Z] ACTION — GET /ventes/produits — 304 (2ms)
[2026-03-28T23:27:57.464Z] ACTION — GET /ventes/sessions/1 — 304 (4ms)
[2026-03-28T23:27:57.477Z] ACTION — GET /ventes/sessions/1 — 304 (4ms)
[2026-03-28T23:27:57.497Z] ACTION — GET /ref/methodes-paiement — 304 (3ms)
[2026-03-28T23:27:57.498Z] ACTION — GET /ventes/produits — 304 (4ms)
[2026-03-28T23:27:57.499Z] ACTION — GET /ref/types-frais — 304 (4ms)
[2026-03-28T23:27:57.507Z] ACTION — GET /ref/methodes-paiement — 304 (3ms)
[2026-03-28T23:27:57.509Z] ACTION — GET /ref/types-frais — 304 (3ms)
[2026-03-28T23:27:57.515Z] ACTION — GET /ventes/produits — 304 (3ms)
[2026-03-28T23:29:58.857Z] ACTION — EVA backend démarré sur le port 3000
[2026-03-28T23:30:25.953Z] ACTION — GET /ventes/sessions/1 — 304 (20ms)
[2026-03-28T23:30:25.961Z] ACTION — GET /ventes/sessions/1 — 304 (4ms)
[2026-03-28T23:30:25.990Z] ACTION — GET /ref/methodes-paiement — 304 (7ms)
[2026-03-28T23:30:25.991Z] ACTION — GET /ref/types-frais — 304 (6ms)
[2026-03-28T23:30:25.994Z] ACTION — GET /ventes/produits — 304 (6ms)
[2026-03-28T23:30:25.998Z] ACTION — GET /ref/methodes-paiement — 304 (2ms)
[2026-03-28T23:30:26.007Z] ACTION — GET /ventes/produits — 304 (3ms)
[2026-03-28T23:30:26.023Z] ACTION — GET /ref/types-frais — 304 (2ms)
[2026-03-28T23:30:45.832Z] ACTION — GET /ventes/compta?debut=2026-01-01 — 200 (13ms)
[2026-03-28T23:30:45.842Z] ACTION — GET /ventes/compta?debut=2026-01-01 — 304 (3ms)
[2026-03-28T23:31:00.656Z] ACTION — GET /ventes/depots — 200 (6ms)
[2026-03-28T23:31:00.661Z] ACTION — GET /ventes/produits — 304 (8ms)
[2026-03-28T23:31:00.664Z] ACTION — GET /ventes/pdv — 304 (6ms)
[2026-03-28T23:31:00.671Z] ACTION — GET /ventes/depots — 304 (5ms)
[2026-03-28T23:31:00.676Z] ACTION — GET /ventes/produits — 304 (8ms)
[2026-03-28T23:31:00.678Z] ACTION — GET /ventes/pdv — 304 (5ms)
[2026-03-28T23:31:26.321Z] ACTION — GET /health — 200 (1ms)
[2026-03-28T23:31:26.324Z] ACTION — GET /ventes/produits — 304 (6ms)
[2026-03-28T23:31:26.329Z] ACTION — GET /health — 200 (1ms)
[2026-03-28T23:31:26.336Z] ACTION — GET /ventes/produits — 304 (3ms)
[2026-03-28T23:31:27.601Z] ACTION — GET /ref/methodes-paiement — 304 (5ms)
[2026-03-28T23:31:27.602Z] ACTION — GET /ref/types-frais — 304 (5ms)
[2026-03-28T23:31:27.604Z] ACTION — GET /ventes/produits — 304 (6ms)
[2026-03-28T23:31:27.616Z] ACTION — GET /ref/methodes-paiement — 304 (5ms)
[2026-03-28T23:31:27.618Z] ACTION — GET /ref/types-frais — 304 (5ms)
[2026-03-28T23:31:27.620Z] ACTION — GET /ventes/produits — 304 (6ms)
[2026-03-28T23:33:14.125Z] ACTION — POST /ventes/sessions/1/cloturer — 200 (9ms)
[2026-03-28T23:33:14.136Z] ACTION — GET /ventes/sessions/1 — 200 (3ms)
[2026-03-28T23:33:14.151Z] ACTION — GET /ventes/pdv — 304 (2ms)
[2026-03-28T23:33:14.158Z] ACTION — GET /ventes/pdv — 304 (3ms)
[2026-03-28T23:33:14.735Z] ACTION — EVA backend démarré sur le port 3000
[2026-03-28T23:33:27.262Z] ACTION — EVA backend démarré sur le port 3000
[2026-03-28T23:33:41.492Z] ACTION — GET /ventes/sessions?limit=5&offset=0 — 200 (15ms)
[2026-03-28T23:33:41.503Z] ACTION — GET /ventes/sessions?limit=5&offset=0 — 304 (5ms)
[2026-03-28T23:33:41.509Z] ACTION — GET /ventes/pdv — 304 (4ms)
[2026-03-28T23:33:41.516Z] ACTION — GET /ventes/pdv — 304 (2ms)
[2026-03-28T23:33:43.806Z] ACTION — GET /ventes/sessions?limit=5&offset=0 — 304 (3ms)
[2026-03-28T23:33:43.820Z] ACTION — GET /ventes/sessions?limit=5&offset=0 — 304 (3ms)
[2026-03-28T23:33:43.826Z] ACTION — GET /ventes/pdv — 304 (4ms)
[2026-03-28T23:33:43.833Z] ACTION — GET /ventes/pdv — 304 (3ms)
[2026-03-28T23:33:46.474Z] ACTION — GET /ventes/sessions?limit=5&offset=0 — 304 (4ms)
[2026-03-28T23:33:46.485Z] ACTION — GET /ventes/sessions?limit=5&offset=0 — 304 (4ms)
[2026-03-28T23:33:46.490Z] ACTION — GET /ventes/pdv — 304 (2ms)
[2026-03-28T23:33:46.498Z] ACTION — GET /ventes/pdv — 304 (2ms)
[2026-03-28T23:33:48.041Z] ACTION — GET /ventes/sessions?limit=5&offset=0 — 304 (3ms)
[2026-03-28T23:33:48.052Z] ACTION — GET /ventes/sessions?limit=5&offset=0 — 304 (3ms)
[2026-03-28T23:33:48.057Z] ACTION — GET /ventes/pdv — 304 (2ms)
[2026-03-28T23:33:48.065Z] ACTION — GET /ventes/pdv — 304 (3ms)
[2026-03-28T23:33:49.307Z] ACTION — GET /ventes/sessions?limit=50&offset=0 — 200 (2ms)
[2026-03-28T23:33:49.317Z] ACTION — GET /ventes/sessions?limit=50&offset=0 — 304 (3ms)
[2026-03-28T23:34:21.190Z] ACTION — GET /ventes/compta?debut=2026-01-01 — 200 (6ms)
[2026-03-28T23:34:21.200Z] ACTION — GET /ventes/compta?debut=2026-01-01 — 304 (4ms)
[2026-03-28T23:34:24.981Z] ACTION — GET /ventes/produits — 304 (4ms)
[2026-03-28T23:34:24.983Z] ACTION — GET /ventes/auteurs — 200 (3ms)
[2026-03-28T23:34:24.991Z] ACTION — GET /ventes/produits — 304 (4ms)
[2026-03-28T23:34:24.995Z] ACTION — GET /ventes/auteurs — 304 (3ms)
[2026-03-28T23:34:27.144Z] ACTION — GET /ventes/pdv — 304 (2ms)
[2026-03-28T23:34:27.156Z] ACTION — GET /ventes/pdv — 304 (3ms)
[2026-03-28T23:34:29.091Z] ACTION — GET /ventes/pdv — 304 (2ms)
[2026-03-28T23:34:29.097Z] ACTION — GET /ventes/pdv — 304 (2ms)
[2026-03-28T23:34:29.875Z] ACTION — GET /ventes/sessions?limit=50&offset=0 — 304 (3ms)
[2026-03-28T23:34:29.882Z] ACTION — GET /ventes/sessions?limit=50&offset=0 — 304 (3ms)
[2026-03-28T23:36:10.563Z] ACTION — GET /ventes/pdv — 200 (5ms)
[2026-03-28T23:36:10.575Z] ACTION — GET /ventes/pdv — 304 (4ms)
[2026-03-28T23:36:12.632Z] ACTION — GET /ventes/sessions?limit=5&offset=0 — 200 (4ms)
[2026-03-28T23:36:12.645Z] ACTION — GET /ventes/sessions?limit=5&offset=0 — 304 (4ms)
[2026-03-28T23:36:12.664Z] ACTION — GET /ref/methodes-paiement — 304 (4ms)
[2026-03-28T23:36:12.666Z] ACTION — GET /ref/types-frais — 304 (5ms)
[2026-03-28T23:36:12.668Z] ACTION — GET /ventes/produits — 200 (6ms)
[2026-03-28T23:36:12.675Z] ACTION — GET /ref/methodes-paiement — 304 (5ms)
[2026-03-28T23:36:12.677Z] ACTION — GET /ref/types-frais — 304 (5ms)
[2026-03-28T23:36:12.683Z] ACTION — GET /ventes/produits — 304 (4ms)
[2026-03-28T23:36:19.810Z] ACTION — GET /ventes/sessions?limit=50&offset=0 — 200 (5ms)
[2026-03-28T23:36:19.820Z] ACTION — GET /ventes/sessions?limit=50&offset=0 — 304 (5ms)
[2026-03-28T23:36:32.564Z] ACTION — GET /ventes/compta?debut=2026-01-01 — 200 (5ms)
[2026-03-28T23:36:32.577Z] ACTION — GET /ventes/compta?debut=2026-01-01 — 304 (6ms)
[2026-03-28T23:36:53.240Z] ACTION — GET /ventes/frais?debut=2026-01-01 — 200 (3ms)
[2026-03-28T23:36:53.248Z] ACTION — GET /ventes/frais?debut=2026-01-01 — 304 (2ms)
[2026-03-28T23:37:20.611Z] ACTION — GET /ventes/pertes?debut=2026-01-01 — 200 (3ms)
[2026-03-28T23:37:20.614Z] ACTION — GET /ventes/produits — 304 (5ms)
[2026-03-28T23:37:20.622Z] ACTION — GET /ventes/pertes?debut=2026-01-01 — 304 (4ms)
[2026-03-28T23:37:20.624Z] ACTION — GET /ventes/produits — 304 (4ms)
[2026-03-28T23:37:38.196Z] ACTION — GET /ref/methodes-paiement — 304 (4ms)
[2026-03-28T23:37:38.198Z] ACTION — GET /ref/types-frais — 304 (4ms)
[2026-03-28T23:37:38.204Z] ACTION — GET /ref/categories — 304 (5ms)
[2026-03-28T23:37:38.210Z] ACTION — GET /ref/types-pdv — 304 (9ms)
[2026-03-28T23:37:38.212Z] ACTION — GET /ref/types-hors-stock — 304 (7ms)
[2026-03-28T23:37:38.214Z] ACTION — GET /ref/types-perte — 304 (7ms)
[2026-03-28T23:37:38.222Z] ACTION — GET /ref/types-contact — 304 (14ms)
[2026-03-28T23:37:38.223Z] ACTION — GET /ref/methodes-paiement — 304 (7ms)
[2026-03-28T23:37:38.224Z] ACTION — GET /ref/types-frais — 304 (6ms)
[2026-03-28T23:37:38.232Z] ACTION — GET /ref/categories — 304 (12ms)
[2026-03-28T23:37:38.234Z] ACTION — GET /ref/types-pdv — 304 (9ms)
[2026-03-28T23:37:38.235Z] ACTION — GET /ref/types-hors-stock — 304 (8ms)
[2026-03-28T23:37:38.238Z] ACTION — GET /ref/types-perte — 304 (8ms)
[2026-03-28T23:37:38.239Z] ACTION — GET /ref/types-contact — 304 (3ms)
[2026-03-28T23:37:39.651Z] ACTION — GET /ventes/compta?debut=2026-01-01 — 304 (12ms)
[2026-03-28T23:37:39.669Z] ACTION — GET /ventes/compta?debut=2026-01-01 — 304 (6ms)
[2026-03-28T23:37:40.366Z] ACTION — GET /ventes/depots — 200 (6ms)
[2026-03-28T23:37:40.367Z] ACTION — GET /ventes/produits — 304 (6ms)
[2026-03-28T23:37:40.369Z] ACTION — GET /ventes/pdv — 304 (5ms)
[2026-03-28T23:37:40.380Z] ACTION — GET /ventes/depots — 304 (6ms)
[2026-03-28T23:37:40.381Z] ACTION — GET /ventes/produits — 304 (6ms)
[2026-03-28T23:37:40.382Z] ACTION — GET /ventes/pdv — 304 (5ms)
[2026-03-28T23:37:40.921Z] ACTION — GET /ventes/pdv — 304 (3ms)
[2026-03-28T23:37:40.930Z] ACTION — GET /ventes/pdv — 304 (2ms)
[2026-03-28T23:37:41.520Z] ACTION — GET /ventes/produits — 304 (5ms)
[2026-03-28T23:37:41.522Z] ACTION — GET /ventes/auteurs — 200 (5ms)
[2026-03-28T23:37:41.531Z] ACTION — GET /ventes/produits — 304 (5ms)
[2026-03-28T23:37:41.533Z] ACTION — GET /ventes/auteurs — 304 (4ms)
[2026-03-28T23:37:42.676Z] ACTION — GET /ref/methodes-paiement — 304 (4ms)
[2026-03-28T23:37:42.677Z] ACTION — GET /ref/types-frais — 304 (4ms)
[2026-03-28T23:37:42.679Z] ACTION — GET /ventes/produits — 304 (5ms)
[2026-03-28T23:37:42.686Z] ACTION — GET /ref/methodes-paiement — 304 (2ms)
[2026-03-28T23:37:42.691Z] ACTION — GET /ref/types-frais — 304 (4ms)
[2026-03-28T23:37:42.693Z] ACTION — GET /ventes/produits — 304 (4ms)
[2026-03-28T23:38:00.376Z] ACTION — POST /ventes/ventes — 201 (17ms)
[2026-03-28T23:38:00.388Z] ACTION — GET /ventes/sessions/4 — 200 (4ms)
[2026-03-28T23:39:40.735Z] ACTION — GET /ventes/produits — 200 (6ms)
[2026-03-28T23:39:40.736Z] ACTION — GET /ventes/auteurs — 304 (4ms)
[2026-03-28T23:39:40.745Z] ACTION — GET /ventes/auteurs — 304 (3ms)
[2026-03-28T23:39:40.748Z] ACTION — GET /ventes/produits — 304 (5ms)
[2026-03-28T23:39:53.868Z] ACTION — GET /ventes/produits — 304 (5ms)
[2026-03-28T23:39:53.870Z] ACTION — GET /ref/methodes-paiement — 304 (6ms)
[2026-03-28T23:39:53.878Z] ACTION — GET /ref/types-frais — 304 (6ms)
[2026-03-28T23:39:53.883Z] ACTION — GET /ventes/produits — 304 (8ms)
[2026-03-28T23:39:53.884Z] ACTION — GET /ref/methodes-paiement — 304 (4ms)
[2026-03-28T23:39:53.888Z] ACTION — GET /ref/types-frais — 304 (2ms)
[2026-03-28T23:40:03.403Z] ACTION — GET /ventes/pdv — 304 (3ms)
[2026-03-28T23:40:03.411Z] ACTION — GET /ventes/pdv — 304 (4ms)
[2026-03-28T23:40:06.857Z] ACTION — GET /ventes/produits — 304 (3ms)
[2026-03-28T23:40:06.859Z] ACTION — GET /ventes/auteurs — 304 (4ms)
[2026-03-28T23:40:06.871Z] ACTION — GET /ventes/produits — 304 (5ms)
[2026-03-28T23:40:06.873Z] ACTION — GET /ventes/auteurs — 304 (4ms)
[2026-03-28T23:40:10.778Z] ACTION — GET /ventes/compta?debut=2026-01-01 — 200 (7ms)
[2026-03-28T23:40:10.788Z] ACTION — GET /ventes/compta?debut=2026-01-01 — 304 (5ms)
[2026-03-28T23:40:31.833Z] ACTION — GET /ventes/frais?debut=2026-01-01 — 304 (13ms)
[2026-03-28T23:40:31.849Z] ACTION — GET /ventes/frais?debut=2026-01-01 — 304 (6ms)
[2026-03-28T23:40:35.951Z] ACTION — GET /ventes/pertes?debut=2026-01-01 — 304 (5ms)
[2026-03-28T23:40:35.954Z] ACTION — GET /ventes/produits — 304 (6ms)
[2026-03-28T23:40:35.968Z] ACTION — GET /ventes/pertes?debut=2026-01-01 — 304 (3ms)
[2026-03-28T23:40:35.970Z] ACTION — GET /ventes/produits — 304 (4ms)
[2026-03-28T23:40:38.507Z] ACTION — GET /ventes/compta?debut=2026-01-01 — 304 (7ms)
[2026-03-28T23:40:38.517Z] ACTION — GET /ventes/compta?debut=2026-01-01 — 304 (5ms)
[2026-03-28T23:40:40.232Z] ACTION — GET /ventes/produits — 304 (3ms)
[2026-03-28T23:40:40.243Z] ACTION — GET /ventes/auteurs — 304 (6ms)
[2026-03-28T23:40:40.246Z] ACTION — GET /ventes/produits — 304 (5ms)
[2026-03-28T23:40:40.252Z] ACTION — GET /ventes/auteurs — 304 (2ms)
[2026-03-28T23:40:44.828Z] ACTION — GET /ventes/auteurs — 304 (2ms)
[2026-03-28T23:40:44.834Z] ACTION — GET /ventes/auteurs — 304 (2ms)
[2026-03-28T23:40:56.614Z] ACTION — GET /ventes/produits — 304 (3ms)
[2026-03-28T23:40:56.616Z] ACTION — GET /ventes/auteurs — 304 (4ms)
[2026-03-28T23:40:56.623Z] ACTION — GET /ventes/produits — 304 (3ms)
[2026-03-28T23:40:56.629Z] ACTION — GET /ventes/auteurs — 304 (3ms)
[2026-03-28T23:40:57.803Z] ACTION — GET /ventes/auteurs — 304 (2ms)
[2026-03-28T23:40:57.810Z] ACTION — GET /ventes/auteurs — 304 (2ms)
[2026-03-28T23:40:58.598Z] ACTION — GET /ventes/produits — 304 (3ms)
[2026-03-28T23:40:58.600Z] ACTION — GET /ventes/auteurs — 304 (4ms)
[2026-03-28T23:40:58.609Z] ACTION — GET /ventes/produits — 304 (5ms)
[2026-03-28T23:40:58.611Z] ACTION — GET /ventes/auteurs — 304 (4ms)
[2026-03-28T23:41:31.893Z] ACTION — GET /ventes/auteurs — 304 (2ms)
[2026-03-28T23:41:31.901Z] ACTION — GET /ventes/auteurs — 304 (2ms)
[2026-03-28T23:41:33.225Z] ACTION — EVA backend démarré sur le port 3000
[2026-03-28T23:41:35.423Z] ACTION — GET /ventes/pdv — 304 (16ms)
[2026-03-28T23:41:35.432Z] ACTION — GET /ventes/pdv — 304 (4ms)
[2026-03-28T23:41:36.797Z] ACTION — GET /ventes/depots — 304 (7ms)
[2026-03-28T23:41:36.801Z] ACTION — GET /ventes/produits — 304 (9ms)
[2026-03-28T23:41:36.803Z] ACTION — GET /ventes/pdv — 304 (9ms)
[2026-03-28T23:41:36.815Z] ACTION — GET /ventes/depots — 304 (8ms)
[2026-03-28T23:41:36.817Z] ACTION — GET /ventes/produits — 304 (6ms)
[2026-03-28T23:41:36.820Z] ACTION — GET /ventes/pdv — 304 (8ms)
[2026-03-28T23:41:37.954Z] ACTION — EVA backend démarré sur le port 3000
[2026-03-28T23:41:48.670Z] ACTION — GET /ventes/compta?debut=2026-01-01 — 304 (20ms)
[2026-03-28T23:41:48.682Z] ACTION — GET /ventes/compta?debut=2026-01-01 — 304 (8ms)
[2026-03-28T23:42:00.303Z] ACTION — GET /ventes/frais?debut=2026-01-01 — 304 (3ms)
[2026-03-28T23:42:00.313Z] ACTION — GET /ventes/frais?debut=2026-01-01 — 304 (4ms)
[2026-03-28T23:42:04.965Z] ACTION — GET /ventes/produits — 304 (7ms)
[2026-03-28T23:42:04.968Z] ACTION — GET /ventes/pertes?debut=2026-01-01 — 304 (7ms)
[2026-03-28T23:42:04.976Z] ACTION — GET /ventes/produits — 304 (5ms)
[2026-03-28T23:42:04.982Z] ACTION — GET /ventes/pertes?debut=2026-01-01 — 304 (3ms)
[2026-03-28T23:42:15.024Z] ACTION — GET /ventes/depots — 304 (8ms)
[2026-03-28T23:42:15.030Z] ACTION — GET /ventes/produits — 304 (10ms)
[2026-03-28T23:42:15.033Z] ACTION — GET /ventes/pdv — 304 (7ms)
[2026-03-28T23:42:15.040Z] ACTION — GET /ventes/depots — 304 (5ms)
[2026-03-28T23:42:15.046Z] ACTION — GET /ventes/produits — 304 (9ms)
[2026-03-28T23:42:15.048Z] ACTION — GET /ventes/pdv — 304 (5ms)
[2026-03-28T23:42:16.047Z] ACTION — GET /ventes/pdv — 304 (4ms)
[2026-03-28T23:42:16.055Z] ACTION — GET /ventes/pdv — 304 (3ms)
[2026-03-28T23:42:16.856Z] ACTION — GET /ventes/produits — 304 (4ms)
[2026-03-28T23:42:16.863Z] ACTION — GET /ventes/auteurs — 304 (4ms)
[2026-03-28T23:42:16.869Z] ACTION — GET /ventes/produits — 304 (3ms)
[2026-03-28T23:42:16.873Z] ACTION — GET /ventes/auteurs — 304 (2ms)
[2026-03-28T23:42:17.526Z] ACTION — GET /ventes/produits — 304 (7ms)
[2026-03-28T23:42:17.532Z] ACTION — GET /ref/methodes-paiement — 304 (10ms)
[2026-03-28T23:42:17.534Z] ACTION — GET /ref/types-frais — 304 (7ms)
[2026-03-28T23:42:17.545Z] ACTION — GET /ventes/produits — 304 (8ms)
[2026-03-28T23:42:17.546Z] ACTION — GET /ref/methodes-paiement — 304 (7ms)
[2026-03-28T23:42:17.548Z] ACTION — GET /ref/types-frais — 304 (7ms)
[2026-03-28T23:42:36.656Z] ACTION — POST /ventes/ventes — 201 (18ms)
[2026-03-28T23:42:36.669Z] ACTION — GET /ventes/sessions/4 — 200 (4ms)
[2026-03-28T23:43:15.684Z] ACTION — POST /ventes/ventes — 201 (15ms)
[2026-03-28T23:43:15.695Z] ACTION — GET /ventes/sessions/4 — 200 (4ms)
[2026-03-28T23:43:19.239Z] ACTION — POST /ventes/sessions/4/cloturer — 200 (10ms)
[2026-03-28T23:43:19.248Z] ACTION — GET /ventes/sessions/4 — 200 (3ms)
[2026-03-28T23:43:19.264Z] ACTION — GET /ventes/pdv — 304 (3ms)
[2026-03-28T23:43:19.272Z] ACTION — GET /ventes/pdv — 304 (2ms)
[2026-03-28T23:43:21.681Z] ACTION — GET /ventes/sessions?limit=50&offset=0 — 200 (5ms)
[2026-03-28T23:43:21.690Z] ACTION — GET /ventes/sessions?limit=50&offset=0 — 304 (3ms)
[2026-03-28T23:43:51.044Z] ACTION — GET /ventes/produits — 200 (5ms)
[2026-03-28T23:43:51.046Z] ACTION — GET /ventes/auteurs — 304 (5ms)
[2026-03-28T23:43:51.060Z] ACTION — GET /ventes/auteurs — 304 (4ms)
[2026-03-28T23:43:51.063Z] ACTION — GET /ventes/produits — 304 (3ms)
[2026-03-28T23:44:54.409Z] ACTION — EVA backend démarré sur le port 3000
[2026-03-28T23:45:08.956Z] ACTION — GET /ventes/auteurs — 304 (14ms)
[2026-03-28T23:45:08.959Z] ACTION — GET /ventes/produits — 304 (23ms)
[2026-03-28T23:45:08.963Z] ACTION — GET /ventes/sessions?limit=5&offset=0 — 200 (16ms)
[2026-03-28T23:45:08.969Z] ACTION — GET /ventes/sessions?limit=5&offset=0 — 200 (21ms)
[2026-03-28T23:45:08.973Z] ACTION — GET /ventes/auteurs — 304 (8ms)
[2026-03-28T23:45:08.975Z] ACTION — GET /ventes/produits — 304 (4ms)
[2026-03-28T23:45:10.350Z] ACTION — GET /ventes/pdv — 304 (4ms)
[2026-03-28T23:45:10.358Z] ACTION — GET /ventes/pdv — 304 (2ms)
[2026-03-28T23:45:22.189Z] ACTION — POST /ventes/sessions — 201 (10ms)
[2026-03-28T23:45:22.199Z] ACTION — GET /ventes/sessions/5 — 200 (4ms)
[2026-03-28T23:45:22.331Z] ACTION — GET /ventes/produits — 304 (5ms)
[2026-03-28T23:45:22.333Z] ACTION — GET /ref/methodes-paiement — 304 (5ms)
[2026-03-28T23:45:22.334Z] ACTION — GET /ref/types-frais — 304 (5ms)
[2026-03-28T23:45:22.341Z] ACTION — GET /ventes/produits — 304 (5ms)
[2026-03-28T23:45:22.342Z] ACTION — GET /ref/methodes-paiement — 304 (4ms)
[2026-03-28T23:45:22.346Z] ACTION — GET /ref/types-frais — 304 (3ms)
[2026-03-28T23:45:41.956Z] ACTION — POST /ventes/ventes — 201 (20ms)
[2026-03-28T23:45:41.968Z] ACTION — GET /ventes/sessions/5 — 200 (5ms)
[2026-03-28T23:45:50.836Z] ACTION — GET /ventes/sessions/5 — 304 (3ms)
[2026-03-28T23:45:50.846Z] ACTION — GET /ventes/sessions/5 — 304 (3ms)
[2026-03-28T23:45:50.868Z] ACTION — GET /ref/methodes-paiement — 304 (4ms)
[2026-03-28T23:45:50.874Z] ACTION — GET /ref/types-frais — 304 (5ms)
[2026-03-28T23:45:50.878Z] ACTION — GET /ventes/produits — 200 (6ms)
[2026-03-28T23:45:50.880Z] ACTION — GET /ref/methodes-paiement — 304 (4ms)
[2026-03-28T23:45:50.886Z] ACTION — GET /ref/types-frais — 304 (4ms)
[2026-03-28T23:45:50.892Z] ACTION — GET /ventes/produits — 304 (3ms)
[2026-03-28T23:46:14.056Z] ACTION — GET /ventes/sessions?limit=50&offset=0 — 200 (5ms)
[2026-03-28T23:46:14.067Z] ACTION — GET /ventes/sessions?limit=50&offset=0 — 304 (4ms)
